Using pre-set license
Built from '2021.1/staging' branch; Version is '2021.1.5f1 (3737af19df53) revision 3618735'; Using compiler version '192528614'; Build Type 'Release'
OS: 'Windows 10 Pro; OS build 19042.1348; Version 2009; 64bit' Language: 'ru' Physical Memory: 8149 MB
BatchMode: 1, IsHumanControllingUs: 0, StartBugReporterOnCrash: 0, Is64bit: 1, IsPro: 0

 COMMAND LINE ARGUMENTS:
E:\Revina\2021.1.5f1\Editor\Unity.exe
-adb2
-batchMode
-noUpm
-name
AssetImportWorker2
-projectPath
D:/UnityEducation/Test.Krem.Digital/Krem
-logFile
Logs/AssetImportWorker2.log
-srvPort
51849
Successfully changed project path to: D:/UnityEducation/Test.Krem.Digital/Krem
D:/UnityEducation/Test.Krem.Digital/Krem
Using Asset Import Pipeline V2.
Refreshing native plugins compatible for Editor in 232.17 ms, found 2 plugins.
Preloading 0 native plugins for Editor in 0.00 ms.
Initialize engine version: 2021.1.5f1 (3737af19df53)
[Subsystems] Discovering subsystems at path E:/Revina/2021.1.5f1/Editor/Data/Resources/UnitySubsystems
[Subsystems] Discovering subsystems at path D:/UnityEducation/Test.Krem.Digital/Krem/Assets
GfxDevice: creating device client; threaded=0; jobified=0
Direct3D:
    Version:  Direct3D 11.0 [level 11.1]
    Renderer: NVIDIA GeForce GTX 960 (ID=0x1401)
    Vendor:   NVIDIA
    VRAM:     2007 MB
    Driver:   27.21.14.5671
Initialize mono
Mono path[0] = 'E:/Revina/2021.1.5f1/Editor/Data/Managed'
Mono path[1] = 'E:/Revina/2021.1.5f1/Editor/Data/MonoBleedingEdge/lib/mono/unityjit'
Mono config path = 'E:/Revina/2021.1.5f1/Editor/Data/MonoBleedingEdge/etc'
Using monoOptions --debugger-agent=transport=dt_socket,embedding=1,server=y,suspend=n,address=127.0.0.1:56416
Begin MonoManager ReloadAssembly
Registering precompiled unity dll's ...
Register platform support module: E:/Revina/2021.1.5f1/Editor/Data/PlaybackEngines/WindowsStandaloneSupport/UnityEditor.WindowsStandalone.Extensions.dll
Registered in 0.002668 seconds.
Native extension for WindowsStandalone target not found
Refreshing native plugins compatible for Editor in 131.98 ms, found 2 plugins.
Preloading 0 native plugins for Editor in 0.00 ms.
Mono: successfully reloaded assembly
- Completed reload, in  8.714 seconds
Platform modules already initialized, skipping
Registering precompiled user dll's ...
Registered in 0.007807 seconds.
Begin MonoManager ReloadAssembly
Native extension for WindowsStandalone target not found
Refreshing native plugins compatible for Editor in 0.61 ms, found 2 plugins.
Preloading 0 native plugins for Editor in 0.00 ms.
Mono: successfully reloaded assembly
- Completed reload, in  2.647 seconds
Platform modules already initialized, skipping
========================================================================
Worker process is ready to serve import requests
Launched and connected shader compiler UnityShaderCompiler.exe after 0.15 seconds
Refreshing native plugins compatible for Editor in 0.51 ms, found 2 plugins.
Preloading 0 native plugins for Editor in 0.00 ms.
Unloading 1501 Unused Serialized files (Serialized files now loaded: 0)
System memory in use before: 69.1 MB.
System memory in use after: 69.2 MB.

Unloading 19 unused Assets to reduce memory usage. Loaded Objects now: 1949.
Total: 3.432300 ms (FindLiveObjects: 0.210400 ms CreateObjectMapping: 0.141000 ms MarkObjects: 2.995600 ms  DeleteObjects: 0.083800 ms)

========================================================================
Received Import Request.
  path: Assets/BlenderModel/WallSimple.fbx
  artifactKey: Guid(9b2ce169f6589f1449604e48c16bea59) Importer(815301076,1909f56bfc062723c751e8b465ee728b)
Start importing Assets/BlenderModel/WallSimple.fbx using Guid(9b2ce169f6589f1449604e48c16bea59) Importer(815301076,1909f56bfc062723c751e8b465ee728b)  -> (artifact id: '9506e042691fcf045db3973fa851ab8b') in 1.665956 seconds 
========================================================================
Received Import Request.
  Time since last request: 0.000277 seconds.
  path: Assets/BlenderModel/LongWall.fbx
  artifactKey: Guid(90e67f2ea04106b40bda6dfc61597677) Importer(815301076,1909f56bfc062723c751e8b465ee728b)
Start importing Assets/BlenderModel/LongWall.fbx using Guid(90e67f2ea04106b40bda6dfc61597677) Importer(815301076,1909f56bfc062723c751e8b465ee728b)  -> (artifact id: '24c8e7eafe7f61d30fe046d9b3f52374') in 1.056626 seconds 
========================================================================
Received Prepare
Refreshing native plugins compatible for Editor in 206.16 ms, found 2 plugins.
Preloading 0 native plugins for Editor in 0.00 ms.
Unloading 12 Unused Serialized files (Serialized files now loaded: 0)
System memory in use before: 43.9 MB.
System memory in use after: 44.0 MB.

Unloading 13 unused Assets to reduce memory usage. Loaded Objects now: 1992.
Total: 4.170500 ms (FindLiveObjects: 0.220900 ms CreateObjectMapping: 0.130800 ms MarkObjects: 3.790900 ms  DeleteObjects: 0.026400 ms)

========================================================================
Received Import Request.
  Time since last request: 171.025484 seconds.
  path: Assets/BlenderModel/WallSimple4Slides.fbx
  artifactKey: Guid(cc21b0c2bd3993b44920fdfbdb271c75) Importer(815301076,1909f56bfc062723c751e8b465ee728b)
Start importing Assets/BlenderModel/WallSimple4Slides.fbx using Guid(cc21b0c2bd3993b44920fdfbdb271c75) Importer(815301076,1909f56bfc062723c751e8b465ee728b)  -> (artifact id: 'a8ebdfe2fae35e56339cbf2e5846351e') in 0.098598 seconds 
========================================================================
Received Prepare
Registering precompiled user dll's ...
Registered in 0.039476 seconds.
Begin MonoManager ReloadAssembly
Native extension for WindowsStandalone target not found
Refreshing native plugins compatible for Editor in 0.46 ms, found 2 plugins.
Preloading 0 native plugins for Editor in 0.00 ms.
Mono: successfully reloaded assembly
- Completed reload, in  2.373 seconds
Platform modules already initialized, skipping
Switching build target platform(19) subTarget(0) extendedPlatform(0) -> platform(13) subTarget(537395200) extendedPlatform(0)
Refreshing native plugins compatible for Editor in 1.61 ms, found 2 plugins.
Preloading 0 native plugins for Editor in 0.00 ms.
Unloading 1498 Unused Serialized files (Serialized files now loaded: 0)
System memory in use before: 73.2 MB.
System memory in use after: 73.3 MB.

Unloading 14 unused Assets to reduce memory usage. Loaded Objects now: 1994.
Total: 4.338000 ms (FindLiveObjects: 0.249800 ms CreateObjectMapping: 0.169300 ms MarkObjects: 3.760100 ms  DeleteObjects: 0.156200 ms)

AssetImportParameters requested are different than current active one (requested -> active):
  custom:graphics/normal-map-encoding: 01000000000000000000000000000000 -> 02000000000000000000000000000000
========================================================================
Received Prepare
Registering precompiled user dll's ...
Registered in 0.037193 seconds.
Begin MonoManager ReloadAssembly
Native extension for WindowsStandalone target not found
Refreshing native plugins compatible for Editor in 11.19 ms, found 2 plugins.
Preloading 0 native plugins for Editor in 0.00 ms.
Mono: successfully reloaded assembly
- Completed reload, in 17.757 seconds
Platform modules already initialized, skipping
Switching build target platform(19) subTarget(0) extendedPlatform(0) -> platform(13) subTarget(537395200) extendedPlatform(0)
Refreshing native plugins compatible for Editor in 0.64 ms, found 2 plugins.
Preloading 0 native plugins for Editor in 0.00 ms.
Unloading 1498 Unused Serialized files (Serialized files now loaded: 0)
System memory in use before: 73.2 MB.
System memory in use after: 73.3 MB.

Unloading 14 unused Assets to reduce memory usage. Loaded Objects now: 1996.
Total: 3.791300 ms (FindLiveObjects: 0.218600 ms CreateObjectMapping: 0.119700 ms MarkObjects: 3.422600 ms  DeleteObjects: 0.028200 ms)

AssetImportParameters requested are different than current active one (requested -> active):
  custom:graphics/normal-map-encoding: 01000000000000000000000000000000 -> 02000000000000000000000000000000
========================================================================
Received Prepare
Registering precompiled user dll's ...
Registered in 0.005084 seconds.
Begin MonoManager ReloadAssembly
Native extension for WindowsStandalone target not found
Refreshing native plugins compatible for Editor in 0.65 ms, found 2 plugins.
Preloading 0 native plugins for Editor in 0.00 ms.
Mono: successfully reloaded assembly
- Completed reload, in  2.506 seconds
Platform modules already initialized, skipping
Switching build target platform(19) subTarget(0) extendedPlatform(0) -> platform(13) subTarget(537395200) extendedPlatform(0)
Refreshing native plugins compatible for Editor in 0.54 ms, found 2 plugins.
Preloading 0 native plugins for Editor in 0.00 ms.
Unloading 1498 Unused Serialized files (Serialized files now loaded: 0)
System memory in use before: 73.2 MB.
System memory in use after: 73.3 MB.

Unloading 14 unused Assets to reduce memory usage. Loaded Objects now: 1998.
Total: 3.557200 ms (FindLiveObjects: 0.213200 ms CreateObjectMapping: 0.147500 ms MarkObjects: 3.170700 ms  DeleteObjects: 0.023900 ms)

AssetImportParameters requested are different than current active one (requested -> active):
  custom:graphics/normal-map-encoding: 01000000000000000000000000000000 -> 02000000000000000000000000000000
========================================================================
Received Prepare
Registering precompiled user dll's ...
Registered in 0.151490 seconds.
Begin MonoManager ReloadAssembly
Native extension for WindowsStandalone target not found
Refreshing native plugins compatible for Editor in 0.63 ms, found 2 plugins.
Preloading 0 native plugins for Editor in 0.00 ms.
Mono: successfully reloaded assembly
- Completed reload, in  3.423 seconds
Platform modules already initialized, skipping
Switching build target platform(19) subTarget(0) extendedPlatform(0) -> platform(13) subTarget(537395200) extendedPlatform(0)
Refreshing native plugins compatible for Editor in 1.43 ms, found 2 plugins.
Preloading 0 native plugins for Editor in 0.00 ms.
Unloading 1498 Unused Serialized files (Serialized files now loaded: 0)
System memory in use before: 73.2 MB.
System memory in use after: 73.3 MB.

Unloading 14 unused Assets to reduce memory usage. Loaded Objects now: 2000.
Total: 5.145100 ms (FindLiveObjects: 0.280100 ms CreateObjectMapping: 0.351400 ms MarkObjects: 4.478900 ms  DeleteObjects: 0.032400 ms)

AssetImportParameters requested are different than current active one (requested -> active):
  custom:graphics/normal-map-encoding: 01000000000000000000000000000000 -> 02000000000000000000000000000000
========================================================================
Received Import Request.
  Time since last request: 2026.239010 seconds.
  path: Assets/BlenderModel/WallOrGlassNoizeBreak.fbx
  artifactKey: Guid(7caab9ac1e6092844892536a48e38ffe) Importer(815301076,1909f56bfc062723c751e8b465ee728b)
Start importing Assets/BlenderModel/WallOrGlassNoizeBreak.fbx using Guid(7caab9ac1e6092844892536a48e38ffe) Importer(815301076,1909f56bfc062723c751e8b465ee728b)  -> (artifact id: '970dae8ade76deaddb7670b0e4741faf') in 0.863990 seconds 
========================================================================
Received Import Request.
  Time since last request: 0.000500 seconds.
  path: Assets/BlenderModel/Plane2x2.fbx
  artifactKey: Guid(1793f19ecb5391e459094ef2ed70df82) Importer(815301076,1909f56bfc062723c751e8b465ee728b)
Start importing Assets/BlenderModel/Plane2x2.fbx using Guid(1793f19ecb5391e459094ef2ed70df82) Importer(815301076,1909f56bfc062723c751e8b465ee728b)  -> (artifact id: 'da17aaf0ca30bc49e862d41ad0565bd9') in 0.106984 seconds 
========================================================================
Received Import Request.
  Time since last request: 19.609739 seconds.
  path: Assets/Materials/Blue.mat
  artifactKey: Guid(b6a2518c162d8f741aafed5abaff8fad) Importer(815301076,1909f56bfc062723c751e8b465ee728b)
Start importing Assets/Materials/Blue.mat using Guid(b6a2518c162d8f741aafed5abaff8fad) Importer(815301076,1909f56bfc062723c751e8b465ee728b)  -> (artifact id: '8b99601f5fcd7778a05df8c06e5eb96b') in 0.147469 seconds 
========================================================================
Received Prepare
Registering precompiled user dll's ...
Registered in 0.006616 seconds.
Begin MonoManager ReloadAssembly
Native extension for WindowsStandalone target not found
Refreshing native plugins compatible for Editor in 0.81 ms, found 2 plugins.
Preloading 0 native plugins for Editor in 0.00 ms.
Mono: successfully reloaded assembly
- Completed reload, in  3.197 seconds
Platform modules already initialized, skipping
Switching build target platform(19) subTarget(0) extendedPlatform(0) -> platform(13) subTarget(537395200) extendedPlatform(0)
Refreshing native plugins compatible for Editor in 1.15 ms, found 2 plugins.
Preloading 0 native plugins for Editor in 0.00 ms.
Unloading 1498 Unused Serialized files (Serialized files now loaded: 0)
System memory in use before: 73.3 MB.
System memory in use after: 73.4 MB.

Unloading 15 unused Assets to reduce memory usage. Loaded Objects now: 2003.
Total: 7.211100 ms (FindLiveObjects: 1.320200 ms CreateObjectMapping: 0.298300 ms MarkObjects: 5.551900 ms  DeleteObjects: 0.037900 ms)

AssetImportParameters requested are different than current active one (requested -> active):
  custom:graphics/normal-map-encoding: 01000000000000000000000000000000 -> 02000000000000000000000000000000
========================================================================
Received Import Request.
  Time since last request: 133.367181 seconds.
  path: Assets/Materials/Green.mat
  artifactKey: Guid(41fa964f03ff9df4c8ea2ccda17563c2) Importer(815301076,1909f56bfc062723c751e8b465ee728b)
Start importing Assets/Materials/Green.mat using Guid(41fa964f03ff9df4c8ea2ccda17563c2) Importer(815301076,1909f56bfc062723c751e8b465ee728b)  -> (artifact id: '9eb7843bb9596afc8fa5ead6946d416c') in 0.331074 seconds 
========================================================================
Received Import Request.
  Time since last request: 212.048866 seconds.
  path: Assets/Prefabs/Plane2x2.prefab
  artifactKey: Guid(25a14018fc46b904b8f4a5a8d2668091) Importer(815301076,1909f56bfc062723c751e8b465ee728b)
Start importing Assets/Prefabs/Plane2x2.prefab using Guid(25a14018fc46b904b8f4a5a8d2668091) Importer(815301076,1909f56bfc062723c751e8b465ee728b)  -> (artifact id: '9865b2e8a460d82d207b37831a6ecb79') in 0.127785 seconds 
========================================================================
Received Import Request.
  Time since last request: 48.683950 seconds.
  path: Assets/Prefabs/WallSimple.prefab
  artifactKey: Guid(235285cdab4031147b01ac40ba18aaa9) Importer(815301076,1909f56bfc062723c751e8b465ee728b)
Start importing Assets/Prefabs/WallSimple.prefab using Guid(235285cdab4031147b01ac40ba18aaa9) Importer(815301076,1909f56bfc062723c751e8b465ee728b)  -> (artifact id: 'f9a9efdae0fd21b946c0c7a6ee5ef05b') in 0.026158 seconds 
========================================================================
Received Import Request.
  Time since last request: 2.218962 seconds.
  path: Assets/Prefabs/WallSimple4Slides.prefab
  artifactKey: Guid(0efb5fb83700a4c4aab0c96c3f21b313) Importer(815301076,1909f56bfc062723c751e8b465ee728b)
Start importing Assets/Prefabs/WallSimple4Slides.prefab using Guid(0efb5fb83700a4c4aab0c96c3f21b313) Importer(815301076,1909f56bfc062723c751e8b465ee728b)  -> (artifact id: '0f9cddd2f05ed72789600c4ebeb7812e') in 0.027816 seconds 
========================================================================
Received Import Request.
  Time since last request: 14.193849 seconds.
  path: Assets/BlenderModel/Collumn.fbx
  artifactKey: Guid(29697dcf3484f354eae19d58577ff20a) Importer(815301076,1909f56bfc062723c751e8b465ee728b)
Start importing Assets/BlenderModel/Collumn.fbx using Guid(29697dcf3484f354eae19d58577ff20a) Importer(815301076,1909f56bfc062723c751e8b465ee728b)  -> (artifact id: 'a1adc28f969d06a48054bf2eed329a82') in 0.209020 seconds 
========================================================================
Received Import Request.
  Time since last request: 19.022935 seconds.
  path: Assets/Materials/Yellow.mat
  artifactKey: Guid(5b3cb159c11d0d043abe72988bbc4eba) Importer(815301076,1909f56bfc062723c751e8b465ee728b)
Start importing Assets/Materials/Yellow.mat using Guid(5b3cb159c11d0d043abe72988bbc4eba) Importer(815301076,1909f56bfc062723c751e8b465ee728b)  -> (artifact id: '70af078b4fd6643ac4fc646b2e5ee62a') in 0.079283 seconds 
========================================================================
Received Import Request.
  Time since last request: 67.169349 seconds.
  path: Assets/Prefabs/Collumn.prefab
  artifactKey: Guid(5b1434cb83db9e043a787bb5605dbf68) Importer(815301076,1909f56bfc062723c751e8b465ee728b)
Start importing Assets/Prefabs/Collumn.prefab using Guid(5b1434cb83db9e043a787bb5605dbf68) Importer(815301076,1909f56bfc062723c751e8b465ee728b)  -> (artifact id: '5011c702c5f25b11a7c789754755163a') in 0.070636 seconds 
========================================================================
Received Import Request.
  Time since last request: 423.080872 seconds.
  path: Assets/Prefabs/ConeFlat.fbx
  artifactKey: Guid(707f27c5b136e8c43a443c865e80d311) Importer(815301076,1909f56bfc062723c751e8b465ee728b)
Start importing Assets/Prefabs/ConeFlat.fbx using Guid(707f27c5b136e8c43a443c865e80d311) Importer(815301076,1909f56bfc062723c751e8b465ee728b)  -> (artifact id: '0897385d5e90001512f907b3a4dc69c8') in 0.529785 seconds 
========================================================================
Received Import Request.
  Time since last request: 51.341204 seconds.
  path: Assets/Prefabs/ConeFlat.prefab
  artifactKey: Guid(0b148235901333f44ab9cfbc2c5d2646) Importer(815301076,1909f56bfc062723c751e8b465ee728b)
Start importing Assets/Prefabs/ConeFlat.prefab using Guid(0b148235901333f44ab9cfbc2c5d2646) Importer(815301076,1909f56bfc062723c751e8b465ee728b)  -> (artifact id: '5d5c4afd4a3343efedd3351caa48c579') in 0.046642 seconds 
========================================================================
Received Prepare
Registering precompiled user dll's ...
Registered in 0.057266 seconds.
Begin MonoManager ReloadAssembly
Native extension for WindowsStandalone target not found
Refreshing native plugins compatible for Editor in 0.66 ms, found 2 plugins.
Preloading 0 native plugins for Editor in 0.00 ms.
Mono: successfully reloaded assembly
- Completed reload, in  3.269 seconds
Platform modules already initialized, skipping
Switching build target platform(19) subTarget(0) extendedPlatform(0) -> platform(13) subTarget(537395200) extendedPlatform(0)
Refreshing native plugins compatible for Editor in 0.68 ms, found 2 plugins.
Preloading 0 native plugins for Editor in 0.00 ms.
Unloading 1498 Unused Serialized files (Serialized files now loaded: 0)
System memory in use before: 73.5 MB.
System memory in use after: 73.6 MB.

Unloading 15 unused Assets to reduce memory usage. Loaded Objects now: 2006.
Total: 3.376800 ms (FindLiveObjects: 0.187400 ms CreateObjectMapping: 0.121500 ms MarkObjects: 3.040800 ms  DeleteObjects: 0.025700 ms)

AssetImportParameters requested are different than current active one (requested -> active):
  custom:graphics/normal-map-encoding: 01000000000000000000000000000000 -> 02000000000000000000000000000000
========================================================================
Received Prepare
Registering precompiled user dll's ...
Registered in 0.006550 seconds.
Begin MonoManager ReloadAssembly
Native extension for WindowsStandalone target not found
Refreshing native plugins compatible for Editor in 0.57 ms, found 2 plugins.
Preloading 0 native plugins for Editor in 0.00 ms.
Mono: successfully reloaded assembly
- Completed reload, in  2.042 seconds
Platform modules already initialized, skipping
Switching build target platform(19) subTarget(0) extendedPlatform(0) -> platform(13) subTarget(537395200) extendedPlatform(0)
Refreshing native plugins compatible for Editor in 0.58 ms, found 2 plugins.
Preloading 0 native plugins for Editor in 0.00 ms.
Unloading 1498 Unused Serialized files (Serialized files now loaded: 0)
System memory in use before: 73.5 MB.
System memory in use after: 73.6 MB.

Unloading 14 unused Assets to reduce memory usage. Loaded Objects now: 2008.
Total: 3.596600 ms (FindLiveObjects: 0.204300 ms CreateObjectMapping: 0.166700 ms MarkObjects: 3.200000 ms  DeleteObjects: 0.023600 ms)

AssetImportParameters requested are different than current active one (requested -> active):
  custom:graphics/normal-map-encoding: 01000000000000000000000000000000 -> 02000000000000000000000000000000
========================================================================
Received Prepare
Registering precompiled user dll's ...
Registered in 0.005952 seconds.
Begin MonoManager ReloadAssembly
Native extension for WindowsStandalone target not found
Refreshing native plugins compatible for Editor in 0.72 ms, found 2 plugins.
Preloading 0 native plugins for Editor in 0.00 ms.
Mono: successfully reloaded assembly
- Completed reload, in  3.626 seconds
Platform modules already initialized, skipping
Switching build target platform(19) subTarget(0) extendedPlatform(0) -> platform(13) subTarget(537395200) extendedPlatform(0)
Refreshing native plugins compatible for Editor in 0.53 ms, found 2 plugins.
Preloading 0 native plugins for Editor in 0.00 ms.
Unloading 1498 Unused Serialized files (Serialized files now loaded: 0)
System memory in use before: 73.5 MB.
System memory in use after: 73.6 MB.

Unloading 14 unused Assets to reduce memory usage. Loaded Objects now: 2010.
Total: 3.653800 ms (FindLiveObjects: 0.214200 ms CreateObjectMapping: 0.135500 ms MarkObjects: 3.276800 ms  DeleteObjects: 0.025400 ms)

AssetImportParameters requested are different than current active one (requested -> active):
  custom:graphics/normal-map-encoding: 01000000000000000000000000000000 -> 02000000000000000000000000000000
========================================================================
Received Prepare
Registering precompiled user dll's ...
Registered in 0.005302 seconds.
Begin MonoManager ReloadAssembly
Native extension for WindowsStandalone target not found
Refreshing native plugins compatible for Editor in 0.50 ms, found 2 plugins.
Preloading 0 native plugins for Editor in 0.00 ms.
Mono: successfully reloaded assembly
- Completed reload, in  1.819 seconds
Platform modules already initialized, skipping
Switching build target platform(19) subTarget(0) extendedPlatform(0) -> platform(13) subTarget(537395200) extendedPlatform(0)
Refreshing native plugins compatible for Editor in 0.44 ms, found 2 plugins.
Preloading 0 native plugins for Editor in 0.00 ms.
Unloading 1498 Unused Serialized files (Serialized files now loaded: 0)
System memory in use before: 73.5 MB.
System memory in use after: 73.6 MB.

Unloading 14 unused Assets to reduce memory usage. Loaded Objects now: 2012.
Total: 2.947100 ms (FindLiveObjects: 0.182000 ms CreateObjectMapping: 0.116500 ms MarkObjects: 2.627500 ms  DeleteObjects: 0.019800 ms)

AssetImportParameters requested are different than current active one (requested -> active):
  custom:graphics/normal-map-encoding: 01000000000000000000000000000000 -> 02000000000000000000000000000000
========================================================================
Received Prepare
Registering precompiled user dll's ...
Registered in 0.042609 seconds.
Begin MonoManager ReloadAssembly
Native extension for WindowsStandalone target not found
Refreshing native plugins compatible for Editor in 0.46 ms, found 2 plugins.
Preloading 0 native plugins for Editor in 0.00 ms.
Mono: successfully reloaded assembly
- Completed reload, in  1.639 seconds
Platform modules already initialized, skipping
Switching build target platform(19) subTarget(0) extendedPlatform(0) -> platform(13) subTarget(537395200) extendedPlatform(0)
Refreshing native plugins compatible for Editor in 0.48 ms, found 2 plugins.
Preloading 0 native plugins for Editor in 0.00 ms.
Unloading 1498 Unused Serialized files (Serialized files now loaded: 0)
System memory in use before: 73.5 MB.
System memory in use after: 73.6 MB.

Unloading 14 unused Assets to reduce memory usage. Loaded Objects now: 2014.
Total: 3.446100 ms (FindLiveObjects: 0.188600 ms CreateObjectMapping: 0.118900 ms MarkObjects: 3.097100 ms  DeleteObjects: 0.040000 ms)

AssetImportParameters requested are different than current active one (requested -> active):
  custom:graphics/normal-map-encoding: 01000000000000000000000000000000 -> 02000000000000000000000000000000
========================================================================
Received Prepare
Registering precompiled user dll's ...
Registered in 0.005038 seconds.
Begin MonoManager ReloadAssembly
Native extension for WindowsStandalone target not found
Refreshing native plugins compatible for Editor in 0.54 ms, found 2 plugins.
Preloading 0 native plugins for Editor in 0.00 ms.
Mono: successfully reloaded assembly
- Completed reload, in  2.654 seconds
Platform modules already initialized, skipping
Switching build target platform(19) subTarget(0) extendedPlatform(0) -> platform(13) subTarget(537395200) extendedPlatform(0)
Refreshing native plugins compatible for Editor in 0.59 ms, found 2 plugins.
Preloading 0 native plugins for Editor in 0.00 ms.
Unloading 1498 Unused Serialized files (Serialized files now loaded: 0)
System memory in use before: 73.5 MB.
System memory in use after: 73.6 MB.

Unloading 14 unused Assets to reduce memory usage. Loaded Objects now: 2016.
Total: 7.583700 ms (FindLiveObjects: 0.236200 ms CreateObjectMapping: 0.152100 ms MarkObjects: 7.160900 ms  DeleteObjects: 0.031800 ms)

AssetImportParameters requested are different than current active one (requested -> active):
  custom:graphics/normal-map-encoding: 01000000000000000000000000000000 -> 02000000000000000000000000000000
========================================================================
Received Prepare
Registering precompiled user dll's ...
Registered in 0.005833 seconds.
Begin MonoManager ReloadAssembly
Native extension for WindowsStandalone target not found
Refreshing native plugins compatible for Editor in 0.49 ms, found 2 plugins.
Preloading 0 native plugins for Editor in 0.00 ms.
Mono: successfully reloaded assembly
- Completed reload, in  1.928 seconds
Platform modules already initialized, skipping
Switching build target platform(19) subTarget(0) extendedPlatform(0) -> platform(13) subTarget(537395200) extendedPlatform(0)
Refreshing native plugins compatible for Editor in 0.43 ms, found 2 plugins.
Preloading 0 native plugins for Editor in 0.00 ms.
Unloading 1498 Unused Serialized files (Serialized files now loaded: 0)
System memory in use before: 73.5 MB.
System memory in use after: 73.6 MB.

Unloading 14 unused Assets to reduce memory usage. Loaded Objects now: 2018.
Total: 4.062100 ms (FindLiveObjects: 0.195100 ms CreateObjectMapping: 0.123700 ms MarkObjects: 3.720800 ms  DeleteObjects: 0.021000 ms)

AssetImportParameters requested are different than current active one (requested -> active):
  custom:graphics/normal-map-encoding: 01000000000000000000000000000000 -> 02000000000000000000000000000000
========================================================================
Received Prepare
Registering precompiled user dll's ...
Registered in 0.010012 seconds.
Begin MonoManager ReloadAssembly
Native extension for WindowsStandalone target not found
Refreshing native plugins compatible for Editor in 1.27 ms, found 2 plugins.
Preloading 0 native plugins for Editor in 0.00 ms.
Mono: successfully reloaded assembly
- Completed reload, in  2.908 seconds
Platform modules already initialized, skipping
Switching build target platform(19) subTarget(0) extendedPlatform(0) -> platform(13) subTarget(537395200) extendedPlatform(0)
Refreshing native plugins compatible for Editor in 0.55 ms, found 2 plugins.
Preloading 0 native plugins for Editor in 0.00 ms.
Unloading 1498 Unused Serialized files (Serialized files now loaded: 0)
System memory in use before: 73.5 MB.
System memory in use after: 73.6 MB.

Unloading 14 unused Assets to reduce memory usage. Loaded Objects now: 2020.
Total: 4.748800 ms (FindLiveObjects: 1.158500 ms CreateObjectMapping: 0.427400 ms MarkObjects: 3.136200 ms  DeleteObjects: 0.024500 ms)

AssetImportParameters requested are different than current active one (requested -> active):
  custom:graphics/normal-map-encoding: 01000000000000000000000000000000 -> 02000000000000000000000000000000
========================================================================
Received Prepare
Registering precompiled user dll's ...
Registered in 0.007565 seconds.
Begin MonoManager ReloadAssembly
Native extension for WindowsStandalone target not found
Refreshing native plugins compatible for Editor in 0.68 ms, found 2 plugins.
Preloading 0 native plugins for Editor in 0.00 ms.
Mono: successfully reloaded assembly
- Completed reload, in  3.093 seconds
Platform modules already initialized, skipping
Switching build target platform(19) subTarget(0) extendedPlatform(0) -> platform(13) subTarget(537395200) extendedPlatform(0)
Refreshing native plugins compatible for Editor in 0.53 ms, found 2 plugins.
Preloading 0 native plugins for Editor in 0.00 ms.
Unloading 1498 Unused Serialized files (Serialized files now loaded: 0)
System memory in use before: 73.5 MB.
System memory in use after: 73.7 MB.

Unloading 14 unused Assets to reduce memory usage. Loaded Objects now: 2022.
Total: 3.369700 ms (FindLiveObjects: 0.234300 ms CreateObjectMapping: 0.148700 ms MarkObjects: 2.961800 ms  DeleteObjects: 0.022900 ms)

AssetImportParameters requested are different than current active one (requested -> active):
  custom:graphics/normal-map-encoding: 01000000000000000000000000000000 -> 02000000000000000000000000000000
========================================================================
Received Prepare
Registering precompiled user dll's ...
Registered in 0.010363 seconds.
Begin MonoManager ReloadAssembly
Native extension for WindowsStandalone target not found
Refreshing native plugins compatible for Editor in 0.59 ms, found 2 plugins.
Preloading 0 native plugins for Editor in 0.00 ms.
Mono: successfully reloaded assembly
- Completed reload, in  3.011 seconds
Platform modules already initialized, skipping
Switching build target platform(19) subTarget(0) extendedPlatform(0) -> platform(13) subTarget(537395200) extendedPlatform(0)
Refreshing native plugins compatible for Editor in 0.52 ms, found 2 plugins.
Preloading 0 native plugins for Editor in 0.00 ms.
Unloading 1498 Unused Serialized files (Serialized files now loaded: 0)
System memory in use before: 73.6 MB.
System memory in use after: 73.7 MB.

Unloading 14 unused Assets to reduce memory usage. Loaded Objects now: 2024.
Total: 3.318600 ms (FindLiveObjects: 0.200100 ms CreateObjectMapping: 0.130700 ms MarkObjects: 2.964000 ms  DeleteObjects: 0.022300 ms)

AssetImportParameters requested are different than current active one (requested -> active):
  custom:graphics/normal-map-encoding: 01000000000000000000000000000000 -> 02000000000000000000000000000000
========================================================================
Received Prepare
Registering precompiled user dll's ...
Registered in 0.005534 seconds.
Begin MonoManager ReloadAssembly
Native extension for WindowsStandalone target not found
Refreshing native plugins compatible for Editor in 0.56 ms, found 2 plugins.
Preloading 0 native plugins for Editor in 0.00 ms.
Mono: successfully reloaded assembly
- Completed reload, in  2.976 seconds
Platform modules already initialized, skipping
Switching build target platform(19) subTarget(0) extendedPlatform(0) -> platform(13) subTarget(537395200) extendedPlatform(0)
Refreshing native plugins compatible for Editor in 0.52 ms, found 2 plugins.
Preloading 0 native plugins for Editor in 0.00 ms.
Unloading 1498 Unused Serialized files (Serialized files now loaded: 0)
System memory in use before: 73.6 MB.
System memory in use after: 73.7 MB.

Unloading 14 unused Assets to reduce memory usage. Loaded Objects now: 2026.
Total: 3.598900 ms (FindLiveObjects: 0.214400 ms CreateObjectMapping: 0.135500 ms MarkObjects: 3.222800 ms  DeleteObjects: 0.023900 ms)

AssetImportParameters requested are different than current active one (requested -> active):
  custom:graphics/normal-map-encoding: 01000000000000000000000000000000 -> 02000000000000000000000000000000
========================================================================
Received Import Request.
  Time since last request: 2341.406168 seconds.
  path: Assets/Prefabs
  artifactKey: Guid(9972fe8bd15091e4889a24d69bafacf6) Importer(815301076,1909f56bfc062723c751e8b465ee728b)
Start importing Assets/Prefabs using Guid(9972fe8bd15091e4889a24d69bafacf6) Importer(815301076,1909f56bfc062723c751e8b465ee728b)  -> (artifact id: '8914beb43cbf6ff62788fbe6c91c6a49') in 0.014550 seconds 
========================================================================
Received Import Request.
  Time since last request: 0.072986 seconds.
  path: Assets/Prefabs/Collumn.prefab
  artifactKey: Guid(5b1434cb83db9e043a787bb5605dbf68) Importer(815301076,1909f56bfc062723c751e8b465ee728b)
Start importing Assets/Prefabs/Collumn.prefab using Guid(5b1434cb83db9e043a787bb5605dbf68) Importer(815301076,1909f56bfc062723c751e8b465ee728b)  -> (artifact id: '9f28ac5ff21b96c3b4210049a253efdc') in 0.138183 seconds 
========================================================================
Received Import Request.
  Time since last request: 0.000273 seconds.
  path: Assets/Prefabs/Plane2x2.prefab
  artifactKey: Guid(25a14018fc46b904b8f4a5a8d2668091) Importer(815301076,1909f56bfc062723c751e8b465ee728b)
Start importing Assets/Prefabs/Plane2x2.prefab using Guid(25a14018fc46b904b8f4a5a8d2668091) Importer(815301076,1909f56bfc062723c751e8b465ee728b)  -> (artifact id: 'b2aa01d4e7d0d8eb2c5f1566aaa49dc7') in 0.061046 seconds 
========================================================================
Received Import Request.
  Time since last request: 0.000459 seconds.
  path: Assets/Prefabs/WallSimple.prefab
  artifactKey: Guid(235285cdab4031147b01ac40ba18aaa9) Importer(815301076,1909f56bfc062723c751e8b465ee728b)
Start importing Assets/Prefabs/WallSimple.prefab using Guid(235285cdab4031147b01ac40ba18aaa9) Importer(815301076,1909f56bfc062723c751e8b465ee728b)  -> (artifact id: 'c3197cdea036b3fd5db675b628f1761f') in 0.061793 seconds 
========================================================================
Received Import Request.
  Time since last request: 0.000231 seconds.
  path: Assets/Prefabs/WallSimple4Slides.prefab
  artifactKey: Guid(0efb5fb83700a4c4aab0c96c3f21b313) Importer(815301076,1909f56bfc062723c751e8b465ee728b)
Start importing Assets/Prefabs/WallSimple4Slides.prefab using Guid(0efb5fb83700a4c4aab0c96c3f21b313) Importer(815301076,1909f56bfc062723c751e8b465ee728b)  -> (artifact id: 'cbe1e995195547befffaf7e5d8633da4') in 0.034732 seconds 
========================================================================
Received Import Request.
  Time since last request: 0.000311 seconds.
  path: Assets/Prefabs/ConeFlat.prefab
  artifactKey: Guid(0b148235901333f44ab9cfbc2c5d2646) Importer(815301076,1909f56bfc062723c751e8b465ee728b)
Start importing Assets/Prefabs/ConeFlat.prefab using Guid(0b148235901333f44ab9cfbc2c5d2646) Importer(815301076,1909f56bfc062723c751e8b465ee728b)  -> (artifact id: '53f96470e2d3e490d2724bbe807516ca') in 0.061743 seconds 
========================================================================
Received Import Request.
  Time since last request: 29.480923 seconds.
  path: Assets/Materials
  artifactKey: Guid(c999a29503a52e04b9a1a6147f4bf387) Importer(815301076,1909f56bfc062723c751e8b465ee728b)
Start importing Assets/Materials using Guid(c999a29503a52e04b9a1a6147f4bf387) Importer(815301076,1909f56bfc062723c751e8b465ee728b)  -> (artifact id: '27190b12f7180dd4612e13b7b89282f4') in 0.017877 seconds 
========================================================================
Received Import Request.
  Time since last request: 0.020715 seconds.
  path: Assets/Materials/Blue.mat
  artifactKey: Guid(b6a2518c162d8f741aafed5abaff8fad) Importer(815301076,1909f56bfc062723c751e8b465ee728b)
Start importing Assets/Materials/Blue.mat using Guid(b6a2518c162d8f741aafed5abaff8fad) Importer(815301076,1909f56bfc062723c751e8b465ee728b)  -> (artifact id: '0470e55c8274b65e91fa1540a039ce2a') in 0.064890 seconds 
========================================================================
Received Import Request.
  Time since last request: 0.000316 seconds.
  path: Assets/Materials/Green.mat
  artifactKey: Guid(41fa964f03ff9df4c8ea2ccda17563c2) Importer(815301076,1909f56bfc062723c751e8b465ee728b)
Start importing Assets/Materials/Green.mat using Guid(41fa964f03ff9df4c8ea2ccda17563c2) Importer(815301076,1909f56bfc062723c751e8b465ee728b)  -> (artifact id: '2297c84a2c6cae126313aa2677eb9a13') in 0.034390 seconds 
========================================================================
Received Import Request.
  Time since last request: 0.000289 seconds.
  path: Assets/Materials/Yellow.mat
  artifactKey: Guid(5b3cb159c11d0d043abe72988bbc4eba) Importer(815301076,1909f56bfc062723c751e8b465ee728b)
Start importing Assets/Materials/Yellow.mat using Guid(5b3cb159c11d0d043abe72988bbc4eba) Importer(815301076,1909f56bfc062723c751e8b465ee728b)  -> (artifact id: '9207caa173c92c30f3cb472bdf9371ee') in 0.025043 seconds 
========================================================================
Received Prepare
Registering precompiled user dll's ...
Registered in 0.005356 seconds.
Begin MonoManager ReloadAssembly
Native extension for WindowsStandalone target not found
Refreshing native plugins compatible for Editor in 1.05 ms, found 2 plugins.
Preloading 0 native plugins for Editor in 0.00 ms.
Mono: successfully reloaded assembly
- Completed reload, in  2.555 seconds
Platform modules already initialized, skipping
Switching build target platform(19) subTarget(0) extendedPlatform(0) -> platform(13) subTarget(537395200) extendedPlatform(0)
Refreshing native plugins compatible for Editor in 0.58 ms, found 2 plugins.
Preloading 0 native plugins for Editor in 0.00 ms.
Unloading 1498 Unused Serialized files (Serialized files now loaded: 0)
System memory in use before: 73.6 MB.
System memory in use after: 73.7 MB.

Unloading 14 unused Assets to reduce memory usage. Loaded Objects now: 2029.
Total: 3.460200 ms (FindLiveObjects: 0.248400 ms CreateObjectMapping: 0.138300 ms MarkObjects: 3.050900 ms  DeleteObjects: 0.020700 ms)

AssetImportParameters requested are different than current active one (requested -> active):
  custom:graphics/normal-map-encoding: 01000000000000000000000000000000 -> 02000000000000000000000000000000
========================================================================
Received Import Request.
  Time since last request: 33.001323 seconds.
  path: Assets/Materials/Pink.mat
  artifactKey: Guid(d026a70870a85274f9187a61455188c7) Importer(815301076,1909f56bfc062723c751e8b465ee728b)
Start importing Assets/Materials/Pink.mat using Guid(d026a70870a85274f9187a61455188c7) Importer(815301076,1909f56bfc062723c751e8b465ee728b)  -> (artifact id: '371bfcb3561c9af2a94a3401a9fa98be') in 0.184475 seconds 
========================================================================
Received Prepare
Registering precompiled user dll's ...
Registered in 0.005789 seconds.
Begin MonoManager ReloadAssembly
Native extension for WindowsStandalone target not found
Refreshing native plugins compatible for Editor in 0.52 ms, found 2 plugins.
Preloading 0 native plugins for Editor in 0.00 ms.
Mono: successfully reloaded assembly
- Completed reload, in  2.309 seconds
Platform modules already initialized, skipping
Switching build target platform(19) subTarget(0) extendedPlatform(0) -> platform(13) subTarget(537395200) extendedPlatform(0)
Refreshing native plugins compatible for Editor in 0.53 ms, found 2 plugins.
Preloading 0 native plugins for Editor in 0.00 ms.
Unloading 1498 Unused Serialized files (Serialized files now loaded: 0)
System memory in use before: 73.6 MB.
System memory in use after: 73.7 MB.

Unloading 14 unused Assets to reduce memory usage. Loaded Objects now: 2032.
Total: 3.571300 ms (FindLiveObjects: 0.218400 ms CreateObjectMapping: 0.137400 ms MarkObjects: 3.189700 ms  DeleteObjects: 0.023800 ms)

AssetImportParameters requested are different than current active one (requested -> active):
  custom:graphics/normal-map-encoding: 01000000000000000000000000000000 -> 02000000000000000000000000000000
========================================================================
Received Import Request.
  Time since last request: 178.835683 seconds.
  path: Assets/PhysicsMaterials
  artifactKey: Guid(6acc6587a126d9c41bda190e82f9c409) Importer(815301076,1909f56bfc062723c751e8b465ee728b)
Start importing Assets/PhysicsMaterials using Guid(6acc6587a126d9c41bda190e82f9c409) Importer(815301076,1909f56bfc062723c751e8b465ee728b)  -> (artifact id: '81438bdacea553541045c860a2376889') in 0.012758 seconds 
========================================================================
Received Import Request.
  Time since last request: 9.586955 seconds.
  path: Assets/PhysicsMaterials/Beton.physicMaterial
  artifactKey: Guid(559c8410d5ed3b844a2d375f09988fdb) Importer(815301076,1909f56bfc062723c751e8b465ee728b)
Start importing Assets/PhysicsMaterials/Beton.physicMaterial using Guid(559c8410d5ed3b844a2d375f09988fdb) Importer(815301076,1909f56bfc062723c751e8b465ee728b)  -> (artifact id: '64384a407f81b3ce0a16e6085e8ff390') in 0.092027 seconds 
========================================================================
Received Prepare
Registering precompiled user dll's ...
Registered in 0.033611 seconds.
Begin MonoManager ReloadAssembly
Native extension for WindowsStandalone target not found
Refreshing native plugins compatible for Editor in 0.98 ms, found 2 plugins.
Preloading 0 native plugins for Editor in 0.00 ms.
Mono: successfully reloaded assembly
- Completed reload, in  4.696 seconds
Platform modules already initialized, skipping
Switching build target platform(19) subTarget(0) extendedPlatform(0) -> platform(13) subTarget(537395200) extendedPlatform(0)
Refreshing native plugins compatible for Editor in 0.49 ms, found 2 plugins.
Preloading 0 native plugins for Editor in 0.00 ms.
Unloading 1498 Unused Serialized files (Serialized files now loaded: 0)
System memory in use before: 73.6 MB.
System memory in use after: 73.7 MB.

Unloading 14 unused Assets to reduce memory usage. Loaded Objects now: 2034.
Total: 7.220200 ms (FindLiveObjects: 0.263800 ms CreateObjectMapping: 0.297300 ms MarkObjects: 6.622300 ms  DeleteObjects: 0.034000 ms)

AssetImportParameters requested are different than current active one (requested -> active):
  custom:graphics/normal-map-encoding: 01000000000000000000000000000000 -> 02000000000000000000000000000000
========================================================================
Received Prepare
Registering precompiled user dll's ...
Registered in 0.032790 seconds.
Begin MonoManager ReloadAssembly
Native extension for WindowsStandalone target not found
Refreshing native plugins compatible for Editor in 0.56 ms, found 2 plugins.
Preloading 0 native plugins for Editor in 0.00 ms.
Mono: successfully reloaded assembly
- Completed reload, in  2.857 seconds
Platform modules already initialized, skipping
Switching build target platform(19) subTarget(0) extendedPlatform(0) -> platform(13) subTarget(537395200) extendedPlatform(0)
Refreshing native plugins compatible for Editor in 0.63 ms, found 2 plugins.
Preloading 0 native plugins for Editor in 0.00 ms.
Unloading 1498 Unused Serialized files (Serialized files now loaded: 0)
System memory in use before: 73.6 MB.
System memory in use after: 73.7 MB.

Unloading 14 unused Assets to reduce memory usage. Loaded Objects now: 2036.
Total: 4.290300 ms (FindLiveObjects: 0.267600 ms CreateObjectMapping: 0.161800 ms MarkObjects: 3.829100 ms  DeleteObjects: 0.029600 ms)

AssetImportParameters requested are different than current active one (requested -> active):
  custom:graphics/normal-map-encoding: 01000000000000000000000000000000 -> 02000000000000000000000000000000
========================================================================
Received Import Request.
  Time since last request: 658.124621 seconds.
  path: Assets/Prefabs/WallSimple4Slides.prefab
  artifactKey: Guid(0efb5fb83700a4c4aab0c96c3f21b313) Importer(815301076,1909f56bfc062723c751e8b465ee728b)
Start importing Assets/Prefabs/WallSimple4Slides.prefab using Guid(0efb5fb83700a4c4aab0c96c3f21b313) Importer(815301076,1909f56bfc062723c751e8b465ee728b)  -> (artifact id: '5a1cf9e28ebf7ef1f0c32a866d5623a4') in 0.182321 seconds 
========================================================================
Received Import Request.
  Time since last request: 47818.334377 seconds.
  path: Assets/Prefabs/WallOrGlassNoizeBreak.fbx
  artifactKey: Guid(e18027123d28a8e4aaa54b8a66806592) Importer(815301076,1909f56bfc062723c751e8b465ee728b)
Start importing Assets/Prefabs/WallOrGlassNoizeBreak.fbx using Guid(e18027123d28a8e4aaa54b8a66806592) Importer(815301076,1909f56bfc062723c751e8b465ee728b)  -> (artifact id: '5f890c968f9b673482b0bcf42a324a47') in 0.183310 seconds 
========================================================================
Received Import Request.
  Time since last request: 41.926845 seconds.
  path: Assets/Prefabs/WallOrGlassNoizeBreak.fbx
  artifactKey: Guid(e18027123d28a8e4aaa54b8a66806592) Importer(815301076,1909f56bfc062723c751e8b465ee728b)
Start importing Assets/Prefabs/WallOrGlassNoizeBreak.fbx using Guid(e18027123d28a8e4aaa54b8a66806592) Importer(815301076,1909f56bfc062723c751e8b465ee728b)  -> (artifact id: 'eb229fbe8b062af541356eeaf60b9786') in 0.099742 seconds 
========================================================================
Received Import Request.
  Time since last request: 646.868861 seconds.
  path: Assets/Prefabs/Column_01.fbx
  artifactKey: Guid(d72e4ff7a63d3044a991466fc2725655) Importer(815301076,1909f56bfc062723c751e8b465ee728b)
Start importing Assets/Prefabs/Column_01.fbx using Guid(d72e4ff7a63d3044a991466fc2725655) Importer(815301076,1909f56bfc062723c751e8b465ee728b)  -> (artifact id: '684d55f44f70b529fa6f3f9b2b7c922a') in 0.168143 seconds 
========================================================================
Received Import Request.
  Time since last request: 0.000342 seconds.
  path: Assets/Prefabs/Wall_01.fbx
  artifactKey: Guid(48e21a204240f2248bdb7c62f1bfebb8) Importer(815301076,1909f56bfc062723c751e8b465ee728b)
Start importing Assets/Prefabs/Wall_01.fbx using Guid(48e21a204240f2248bdb7c62f1bfebb8) Importer(815301076,1909f56bfc062723c751e8b465ee728b)  -> (artifact id: '17a1a7ccdb0c1a1a3b8162250dcb7436') in 0.134749 seconds 
========================================================================
Received Import Request.
  Time since last request: 0.000237 seconds.
  path: Assets/Prefabs/Wall_03.fbx
  artifactKey: Guid(9c141b1f671455c499ab3d648d83e3d2) Importer(815301076,1909f56bfc062723c751e8b465ee728b)
Start importing Assets/Prefabs/Wall_03.fbx using Guid(9c141b1f671455c499ab3d648d83e3d2) Importer(815301076,1909f56bfc062723c751e8b465ee728b)  -> (artifact id: 'c300e23542d438c3c27aa5c364685ca6') in 0.105507 seconds 
========================================================================
Received Import Request.
  Time since last request: 0.000465 seconds.
  path: Assets/Prefabs/Column_02.fbx
  artifactKey: Guid(59e2776f8d786db4ea482b3340a65985) Importer(815301076,1909f56bfc062723c751e8b465ee728b)
Start importing Assets/Prefabs/Column_02.fbx using Guid(59e2776f8d786db4ea482b3340a65985) Importer(815301076,1909f56bfc062723c751e8b465ee728b)  -> (artifact id: 'a5aa4a91e83e1fc60075060e65e86e97') in 0.306374 seconds 
========================================================================
Received Import Request.
  Time since last request: 0.000334 seconds.
  path: Assets/Prefabs/Wall_04.fbx
  artifactKey: Guid(3d4f503f45171ca499d5da517754e04e) Importer(815301076,1909f56bfc062723c751e8b465ee728b)
Start importing Assets/Prefabs/Wall_04.fbx using Guid(3d4f503f45171ca499d5da517754e04e) Importer(815301076,1909f56bfc062723c751e8b465ee728b)  -> (artifact id: '0ad35578cfe49999b0980fc882356e37') in 0.151739 seconds 
========================================================================
Received Import Request.
  Time since last request: 0.000197 seconds.
  path: Assets/Prefabs/Wall_02.fbx
  artifactKey: Guid(209e13f4f4b37f348a6a04378939374c) Importer(815301076,1909f56bfc062723c751e8b465ee728b)
Start importing Assets/Prefabs/Wall_02.fbx using Guid(209e13f4f4b37f348a6a04378939374c) Importer(815301076,1909f56bfc062723c751e8b465ee728b)  -> (artifact id: '21a2c3841ea1d7dca2a74fb04323c646') in 0.111823 seconds 
========================================================================
Received Import Request.
  Time since last request: 0.000222 seconds.
  path: Assets/Prefabs/Wall.fbx
  artifactKey: Guid(0acc598ab5400c64094312689ed557b7) Importer(815301076,1909f56bfc062723c751e8b465ee728b)
Start importing Assets/Prefabs/Wall.fbx using Guid(0acc598ab5400c64094312689ed557b7) Importer(815301076,1909f56bfc062723c751e8b465ee728b)  -> (artifact id: '6af1b269547ce88d54457e4ba17cdc04') in 0.093834 seconds 
========================================================================
Received Import Request.
  Time since last request: 248.424206 seconds.
  path: Assets/Materials/Pink.mat
  artifactKey: Guid(d026a70870a85274f9187a61455188c7) Importer(815301076,1909f56bfc062723c751e8b465ee728b)
Start importing Assets/Materials/Pink.mat using Guid(d026a70870a85274f9187a61455188c7) Importer(815301076,1909f56bfc062723c751e8b465ee728b)  -> (artifact id: '2eefcc9e361235f8733bae56c87c505f') in 0.055096 seconds 
========================================================================
Received Prepare
Registering precompiled user dll's ...
Registered in 0.200334 seconds.
Begin MonoManager ReloadAssembly
Native extension for WindowsStandalone target not found
Refreshing native plugins compatible for Editor in 0.48 ms, found 2 plugins.
Preloading 0 native plugins for Editor in 0.00 ms.
Mono: successfully reloaded assembly
- Completed reload, in  1.886 seconds
Platform modules already initialized, skipping
Switching build target platform(19) subTarget(0) extendedPlatform(0) -> platform(13) subTarget(537395200) extendedPlatform(0)
Refreshing native plugins compatible for Editor in 0.52 ms, found 2 plugins.
Preloading 0 native plugins for Editor in 0.00 ms.
Unloading 1498 Unused Serialized files (Serialized files now loaded: 0)
System memory in use before: 73.8 MB.
System memory in use after: 73.9 MB.

Unloading 15 unused Assets to reduce memory usage. Loaded Objects now: 2039.
Total: 2.924000 ms (FindLiveObjects: 0.180400 ms CreateObjectMapping: 0.082300 ms MarkObjects: 2.633500 ms  DeleteObjects: 0.025700 ms)

AssetImportParameters requested are different than current active one (requested -> active):
  custom:graphics/normal-map-encoding: 01000000000000000000000000000000 -> 02000000000000000000000000000000
========================================================================
Received Import Request.
  Time since last request: 49.946601 seconds.
  path: Assets/Materials/Red.mat
  artifactKey: Guid(d3dd0d47b1e94514ea46d2c3f930811c) Importer(815301076,1909f56bfc062723c751e8b465ee728b)
Start importing Assets/Materials/Red.mat using Guid(d3dd0d47b1e94514ea46d2c3f930811c) Importer(815301076,1909f56bfc062723c751e8b465ee728b)  -> (artifact id: '53643b3f21498e0527bfeff48b41dad5') in 0.103729 seconds 
========================================================================
Received Import Request.
  Time since last request: 0.135493 seconds.
  path: Assets/Materials/Red 1.mat
  artifactKey: Guid(b456a63b2cfd0cf46b9300a2cf8adf62) Importer(815301076,1909f56bfc062723c751e8b465ee728b)
Start importing Assets/Materials/Red 1.mat using Guid(b456a63b2cfd0cf46b9300a2cf8adf62) Importer(815301076,1909f56bfc062723c751e8b465ee728b)  -> (artifact id: 'fea84f8cc3d04f0596e6bc6fb32f4358') in 0.017701 seconds 
========================================================================
Received Import Request.
  Time since last request: 6.303747 seconds.
  path: Assets/Materials/Orange.mat
  artifactKey: Guid(5d9097ce340eea441840178314d03aeb) Importer(815301076,1909f56bfc062723c751e8b465ee728b)
Start importing Assets/Materials/Orange.mat using Guid(5d9097ce340eea441840178314d03aeb) Importer(815301076,1909f56bfc062723c751e8b465ee728b)  -> (artifact id: '599234ef1c19065ba24136e1ae7bbcea') in 0.024778 seconds 
========================================================================
Received Import Request.
  Time since last request: 21.637944 seconds.
  path: Assets/Materials/Blue_Dark.mat
  artifactKey: Guid(b456a63b2cfd0cf46b9300a2cf8adf62) Importer(815301076,1909f56bfc062723c751e8b465ee728b)
Start importing Assets/Materials/Blue_Dark.mat using Guid(b456a63b2cfd0cf46b9300a2cf8adf62) Importer(815301076,1909f56bfc062723c751e8b465ee728b)  -> (artifact id: 'cb5fe8005a5288c973017b1febe2a566') in 0.023289 seconds 
========================================================================
Received Import Request.
  Time since last request: 9.768534 seconds.
  path: Assets/Materials/Blue_Dark.mat
  artifactKey: Guid(b456a63b2cfd0cf46b9300a2cf8adf62) Importer(815301076,1909f56bfc062723c751e8b465ee728b)
Start importing Assets/Materials/Blue_Dark.mat using Guid(b456a63b2cfd0cf46b9300a2cf8adf62) Importer(815301076,1909f56bfc062723c751e8b465ee728b)  -> (artifact id: '1f54d8ecd5536570f071a564c90b4f04') in 0.016008 seconds 
========================================================================
Received Import Request.
  Time since last request: 0.000283 seconds.
  path: Assets/Materials/Orange.mat
  artifactKey: Guid(5d9097ce340eea441840178314d03aeb) Importer(815301076,1909f56bfc062723c751e8b465ee728b)
Start importing Assets/Materials/Orange.mat using Guid(5d9097ce340eea441840178314d03aeb) Importer(815301076,1909f56bfc062723c751e8b465ee728b)  -> (artifact id: '1ea0fbc9a1d9ebb10d1334ff63a116ee') in 0.024836 seconds 
========================================================================
Received Import Request.
  Time since last request: 5.895312 seconds.
  path: Assets/Materials/Purple.mat
  artifactKey: Guid(3b8d21980e497d34093815cb57fa35e3) Importer(815301076,1909f56bfc062723c751e8b465ee728b)
Start importing Assets/Materials/Purple.mat using Guid(3b8d21980e497d34093815cb57fa35e3) Importer(815301076,1909f56bfc062723c751e8b465ee728b)  -> (artifact id: '18177b9b117c0b6a787535f61387d44a') in 0.019131 seconds 
========================================================================
Received Import Request.
  Time since last request: 63.073580 seconds.
  path: Assets/BlenderModel/WallOrGlassNoizeBreak - Copy.fbx
  artifactKey: Guid(e18027123d28a8e4aaa54b8a66806592) Importer(815301076,1909f56bfc062723c751e8b465ee728b)
Start importing Assets/BlenderModel/WallOrGlassNoizeBreak - Copy.fbx using Guid(e18027123d28a8e4aaa54b8a66806592) Importer(815301076,1909f56bfc062723c751e8b465ee728b)  -> (artifact id: '1fb16101ad38f8f389f6c4127404cce3') in 0.146445 seconds 
========================================================================
Received Import Request.
  Time since last request: 2.512098 seconds.
  path: Assets/BlenderModel
  artifactKey: Guid(d119475b1a856344dbee128394efcf33) Importer(815301076,1909f56bfc062723c751e8b465ee728b)
Start importing Assets/BlenderModel using Guid(d119475b1a856344dbee128394efcf33) Importer(815301076,1909f56bfc062723c751e8b465ee728b)  -> (artifact id: '3d251bad9b03ecfc0fdd8aca50a75162') in 0.012858 seconds 
========================================================================
Received Import Request.
  Time since last request: 0.051361 seconds.
  path: Assets/BlenderModel/Collumn.fbx
  artifactKey: Guid(29697dcf3484f354eae19d58577ff20a) Importer(815301076,1909f56bfc062723c751e8b465ee728b)
Start importing Assets/BlenderModel/Collumn.fbx using Guid(29697dcf3484f354eae19d58577ff20a) Importer(815301076,1909f56bfc062723c751e8b465ee728b)  -> (artifact id: '80e5a950aa7761956445a48c35e50991') in 0.126620 seconds 
========================================================================
Received Import Request.
  Time since last request: 0.000289 seconds.
  path: Assets/BlenderModel/WallOrGlassNoizeBreak.fbx
  artifactKey: Guid(7caab9ac1e6092844892536a48e38ffe) Importer(815301076,1909f56bfc062723c751e8b465ee728b)
Start importing Assets/BlenderModel/WallOrGlassNoizeBreak.fbx using Guid(7caab9ac1e6092844892536a48e38ffe) Importer(815301076,1909f56bfc062723c751e8b465ee728b)  -> (artifact id: 'c348415003c1daf66aba06f0e502f4e0') in 0.238364 seconds 
========================================================================
Received Import Request.
  Time since last request: 0.000248 seconds.
  path: Assets/BlenderModel/Plane2x2.fbx
  artifactKey: Guid(1793f19ecb5391e459094ef2ed70df82) Importer(815301076,1909f56bfc062723c751e8b465ee728b)
Start importing Assets/BlenderModel/Plane2x2.fbx using Guid(1793f19ecb5391e459094ef2ed70df82) Importer(815301076,1909f56bfc062723c751e8b465ee728b)  -> (artifact id: 'b8570818b6b598673fa784413efdeae0') in 0.092547 seconds 
========================================================================
Received Import Request.
  Time since last request: 0.000271 seconds.
  path: Assets/BlenderModel/WallSimple.fbx
  artifactKey: Guid(9b2ce169f6589f1449604e48c16bea59) Importer(815301076,1909f56bfc062723c751e8b465ee728b)
Start importing Assets/BlenderModel/WallSimple.fbx using Guid(9b2ce169f6589f1449604e48c16bea59) Importer(815301076,1909f56bfc062723c751e8b465ee728b)  -> (artifact id: '22bb5c667d9c189d9de1aeb80b6106d8') in 0.119134 seconds 
========================================================================
Received Import Request.
  Time since last request: 0.000267 seconds.
  path: Assets/BlenderModel/WallSimple4Slides.fbx
  artifactKey: Guid(cc21b0c2bd3993b44920fdfbdb271c75) Importer(815301076,1909f56bfc062723c751e8b465ee728b)
Start importing Assets/BlenderModel/WallSimple4Slides.fbx using Guid(cc21b0c2bd3993b44920fdfbdb271c75) Importer(815301076,1909f56bfc062723c751e8b465ee728b)  -> (artifact id: '694f46047a870e837a6c4ef6f64ae350') in 0.089604 seconds 
========================================================================
Received Import Request.
  Time since last request: 0.000277 seconds.
  path: Assets/BlenderModel/ConeFlat.fbx
  artifactKey: Guid(707f27c5b136e8c43a443c865e80d311) Importer(815301076,1909f56bfc062723c751e8b465ee728b)
Start importing Assets/BlenderModel/ConeFlat.fbx using Guid(707f27c5b136e8c43a443c865e80d311) Importer(815301076,1909f56bfc062723c751e8b465ee728b)  -> (artifact id: '684d2f5c568b4d951d4220eb57b35f9a') in 0.380926 seconds 
========================================================================
Received Import Request.
  Time since last request: 9.362853 seconds.
  path: Assets/Prefabs/Column_01.prefab
  artifactKey: Guid(59fe47bdb07ba864b944f49d7127fc72) Importer(815301076,1909f56bfc062723c751e8b465ee728b)
Start importing Assets/Prefabs/Column_01.prefab using Guid(59fe47bdb07ba864b944f49d7127fc72) Importer(815301076,1909f56bfc062723c751e8b465ee728b)  -> (artifact id: 'd481d919f8bc9e96176cdf628e9f961e') in 0.034677 seconds 
========================================================================
Received Import Request.
  Time since last request: 69.809757 seconds.
  path: Assets/Prefabs/Column_02.prefab
  artifactKey: Guid(29b5052ee4816f144865ea20f89eb4ec) Importer(815301076,1909f56bfc062723c751e8b465ee728b)
Start importing Assets/Prefabs/Column_02.prefab using Guid(29b5052ee4816f144865ea20f89eb4ec) Importer(815301076,1909f56bfc062723c751e8b465ee728b)  -> (artifact id: '76ac35381ac8a36d25bcd3dba0ffcb44') in 0.028099 seconds 
========================================================================
Received Import Request.
  Time since last request: 129.037795 seconds.
  path: Assets/Prefabs/Wall.prefab
  artifactKey: Guid(cf9b310adc4c45943acb1773ec990cf9) Importer(815301076,1909f56bfc062723c751e8b465ee728b)
Start importing Assets/Prefabs/Wall.prefab using Guid(cf9b310adc4c45943acb1773ec990cf9) Importer(815301076,1909f56bfc062723c751e8b465ee728b)  -> (artifact id: 'dd3368889d973a2cee676ff7a7bfdb23') in 0.066659 seconds 
========================================================================
Received Import Request.
  Time since last request: 19.057438 seconds.
  path: Assets/Prefabs/Noize
  artifactKey: Guid(1dce6c01bd0b50749aeef0e74bbcae95) Importer(815301076,1909f56bfc062723c751e8b465ee728b)
Start importing Assets/Prefabs/Noize using Guid(1dce6c01bd0b50749aeef0e74bbcae95) Importer(815301076,1909f56bfc062723c751e8b465ee728b)  -> (artifact id: '7496fc887b3a7df5d05e7e9997e64170') in 0.009411 seconds 
========================================================================
Received Import Request.
  Time since last request: 74.231544 seconds.
  path: Assets/Prefabs/Noize/Wall_01.prefab
  artifactKey: Guid(37a24c8e5af69504186a804c9c2a4fd6) Importer(815301076,1909f56bfc062723c751e8b465ee728b)
Start importing Assets/Prefabs/Noize/Wall_01.prefab using Guid(37a24c8e5af69504186a804c9c2a4fd6) Importer(815301076,1909f56bfc062723c751e8b465ee728b)  -> (artifact id: 'd33fe6338af85c978b177af1c95fd36e') in 0.021633 seconds 
========================================================================
Received Import Request.
  Time since last request: 70.378754 seconds.
  path: Assets/Prefabs/Noize/Wall_02.prefab
  artifactKey: Guid(2f1ccae2494e3e34282d6ceae19a87b7) Importer(815301076,1909f56bfc062723c751e8b465ee728b)
Start importing Assets/Prefabs/Noize/Wall_02.prefab using Guid(2f1ccae2494e3e34282d6ceae19a87b7) Importer(815301076,1909f56bfc062723c751e8b465ee728b)  -> (artifact id: '0623363249d06aa2295f75b603e4a28f') in 0.027866 seconds 
========================================================================
Received Import Request.
  Time since last request: 58.172861 seconds.
  path: Assets/Prefabs/Wall_03.prefab
  artifactKey: Guid(d2503d018808afc4fb403d3f636aaca5) Importer(815301076,1909f56bfc062723c751e8b465ee728b)
Start importing Assets/Prefabs/Wall_03.prefab using Guid(d2503d018808afc4fb403d3f636aaca5) Importer(815301076,1909f56bfc062723c751e8b465ee728b)  -> (artifact id: 'cd3092a60675671d0ba2da4a1569aaa1') in 0.032887 seconds 
========================================================================
Received Import Request.
  Time since last request: 52.530798 seconds.
  path: Assets/PhysicsMaterials/Beton.physicMaterial
  artifactKey: Guid(559c8410d5ed3b844a2d375f09988fdb) Importer(815301076,1909f56bfc062723c751e8b465ee728b)
Start importing Assets/PhysicsMaterials/Beton.physicMaterial using Guid(559c8410d5ed3b844a2d375f09988fdb) Importer(815301076,1909f56bfc062723c751e8b465ee728b)  -> (artifact id: '90d3d9f8b5fd4e4f138a9dc5c763fbf7') in 0.024604 seconds 
========================================================================
Received Import Request.
  Time since last request: 7.319155 seconds.
  path: Assets/Prefabs/Noize/Wall_04.prefab
  artifactKey: Guid(00348b8bbd485f044bbcfc80639b3343) Importer(815301076,1909f56bfc062723c751e8b465ee728b)
Start importing Assets/Prefabs/Noize/Wall_04.prefab using Guid(00348b8bbd485f044bbcfc80639b3343) Importer(815301076,1909f56bfc062723c751e8b465ee728b)  -> (artifact id: '09c28ae54f6dfcc52dad879a0ab3f53b') in 0.028227 seconds 
========================================================================
Received Import Request.
  Time since last request: 27.968055 seconds.
  path: Assets/Prefabs/Noize/Column_01.prefab
  artifactKey: Guid(59fe47bdb07ba864b944f49d7127fc72) Importer(815301076,1909f56bfc062723c751e8b465ee728b)
Start importing Assets/Prefabs/Noize/Column_01.prefab using Guid(59fe47bdb07ba864b944f49d7127fc72) Importer(815301076,1909f56bfc062723c751e8b465ee728b)  -> (artifact id: '1503ba871c116b365079e5292567ff02') in 0.046906 seconds 
========================================================================
Received Import Request.
  Time since last request: 9.296506 seconds.
  path: Assets/Prefabs/Noize/Column_02.prefab
  artifactKey: Guid(29b5052ee4816f144865ea20f89eb4ec) Importer(815301076,1909f56bfc062723c751e8b465ee728b)
Start importing Assets/Prefabs/Noize/Column_02.prefab using Guid(29b5052ee4816f144865ea20f89eb4ec) Importer(815301076,1909f56bfc062723c751e8b465ee728b)  -> (artifact id: 'a0a259bae1a0337a897b408e8e03589d') in 0.033728 seconds 
========================================================================
Received Import Request.
  Time since last request: 4.566239 seconds.
  path: Assets/Prefabs/Noize/Wall.prefab
  artifactKey: Guid(cf9b310adc4c45943acb1773ec990cf9) Importer(815301076,1909f56bfc062723c751e8b465ee728b)
Start importing Assets/Prefabs/Noize/Wall.prefab using Guid(cf9b310adc4c45943acb1773ec990cf9) Importer(815301076,1909f56bfc062723c751e8b465ee728b)  -> (artifact id: '05bc265b98a912e36d886173f5bae4ad') in 0.027784 seconds 
========================================================================
Received Import Request.
  Time since last request: 4.189038 seconds.
  path: Assets/Prefabs/Noize/Wall_01.prefab
  artifactKey: Guid(37a24c8e5af69504186a804c9c2a4fd6) Importer(815301076,1909f56bfc062723c751e8b465ee728b)
Start importing Assets/Prefabs/Noize/Wall_01.prefab using Guid(37a24c8e5af69504186a804c9c2a4fd6) Importer(815301076,1909f56bfc062723c751e8b465ee728b)  -> (artifact id: '6ff4d6cac42dae4f88e86b49162ce8dc') in 0.040466 seconds 
========================================================================
Received Import Request.
  Time since last request: 7.282457 seconds.
  path: Assets/Prefabs/Noize/Wall_02.prefab
  artifactKey: Guid(2f1ccae2494e3e34282d6ceae19a87b7) Importer(815301076,1909f56bfc062723c751e8b465ee728b)
Start importing Assets/Prefabs/Noize/Wall_02.prefab using Guid(2f1ccae2494e3e34282d6ceae19a87b7) Importer(815301076,1909f56bfc062723c751e8b465ee728b)  -> (artifact id: 'fd0b20de14d82f1fc23a8f916f0cb8ca') in 0.096506 seconds 
========================================================================
Received Import Request.
  Time since last request: 4.129085 seconds.
  path: Assets/Prefabs/Noize/Wall_03.prefab
  artifactKey: Guid(d2503d018808afc4fb403d3f636aaca5) Importer(815301076,1909f56bfc062723c751e8b465ee728b)
Start importing Assets/Prefabs/Noize/Wall_03.prefab using Guid(d2503d018808afc4fb403d3f636aaca5) Importer(815301076,1909f56bfc062723c751e8b465ee728b)  -> (artifact id: '2e5b7fa5348d31862c151184eec72f44') in 0.023004 seconds 
========================================================================
Received Import Request.
  Time since last request: 4.433339 seconds.
  path: Assets/Prefabs/Noize/Wall_04.prefab
  artifactKey: Guid(00348b8bbd485f044bbcfc80639b3343) Importer(815301076,1909f56bfc062723c751e8b465ee728b)
Start importing Assets/Prefabs/Noize/Wall_04.prefab using Guid(00348b8bbd485f044bbcfc80639b3343) Importer(815301076,1909f56bfc062723c751e8b465ee728b)  -> (artifact id: '0c60c3a4e0f82a5dd8370332b14a55d8') in 0.043691 seconds 
========================================================================
Received Import Request.
  Time since last request: 12.728475 seconds.
  path: Assets/Prefabs/Noize/Column_01.prefab
  artifactKey: Guid(59fe47bdb07ba864b944f49d7127fc72) Importer(815301076,1909f56bfc062723c751e8b465ee728b)
Start importing Assets/Prefabs/Noize/Column_01.prefab using Guid(59fe47bdb07ba864b944f49d7127fc72) Importer(815301076,1909f56bfc062723c751e8b465ee728b)  -> (artifact id: 'b64b0db0b059e30235cf83b8dd830a9c') in 0.058770 seconds 
========================================================================
Received Import Request.
  Time since last request: 4.455851 seconds.
  path: Assets/Prefabs/Noize/Column_02.prefab
  artifactKey: Guid(29b5052ee4816f144865ea20f89eb4ec) Importer(815301076,1909f56bfc062723c751e8b465ee728b)
Start importing Assets/Prefabs/Noize/Column_02.prefab using Guid(29b5052ee4816f144865ea20f89eb4ec) Importer(815301076,1909f56bfc062723c751e8b465ee728b)  -> (artifact id: '91d77ba3c95005cbc006ce4131be852b') in 0.038062 seconds 
========================================================================
Received Import Request.
  Time since last request: 3.789699 seconds.
  path: Assets/Prefabs/Noize/Wall.prefab
  artifactKey: Guid(cf9b310adc4c45943acb1773ec990cf9) Importer(815301076,1909f56bfc062723c751e8b465ee728b)
Start importing Assets/Prefabs/Noize/Wall.prefab using Guid(cf9b310adc4c45943acb1773ec990cf9) Importer(815301076,1909f56bfc062723c751e8b465ee728b)  -> (artifact id: '9924281b2bc3f5b5320b9ab9cc37846e') in 0.020591 seconds 
========================================================================
Received Import Request.
  Time since last request: 3.204390 seconds.
  path: Assets/Prefabs/Noize/Wall_01.prefab
  artifactKey: Guid(37a24c8e5af69504186a804c9c2a4fd6) Importer(815301076,1909f56bfc062723c751e8b465ee728b)
Start importing Assets/Prefabs/Noize/Wall_01.prefab using Guid(37a24c8e5af69504186a804c9c2a4fd6) Importer(815301076,1909f56bfc062723c751e8b465ee728b)  -> (artifact id: '2ad6f1772fc5e9ef2c0d219ed274378f') in 0.022825 seconds 
========================================================================
Received Import Request.
  Time since last request: 3.233942 seconds.
  path: Assets/Prefabs/Noize/Wall_02.prefab
  artifactKey: Guid(2f1ccae2494e3e34282d6ceae19a87b7) Importer(815301076,1909f56bfc062723c751e8b465ee728b)
Start importing Assets/Prefabs/Noize/Wall_02.prefab using Guid(2f1ccae2494e3e34282d6ceae19a87b7) Importer(815301076,1909f56bfc062723c751e8b465ee728b)  -> (artifact id: '2c39f902ba9ca7c8eed4dcdca07a81be') in 0.061276 seconds 
========================================================================
Received Import Request.
  Time since last request: 3.342557 seconds.
  path: Assets/Prefabs/Noize/Wall_03.prefab
  artifactKey: Guid(d2503d018808afc4fb403d3f636aaca5) Importer(815301076,1909f56bfc062723c751e8b465ee728b)
Start importing Assets/Prefabs/Noize/Wall_03.prefab using Guid(d2503d018808afc4fb403d3f636aaca5) Importer(815301076,1909f56bfc062723c751e8b465ee728b)  -> (artifact id: 'a608c1c84ecc22d4eff72bb383fa5355') in 0.068124 seconds 
========================================================================
Received Import Request.
  Time since last request: 6.262332 seconds.
  path: Assets/Prefabs/Noize/Wall_04.prefab
  artifactKey: Guid(00348b8bbd485f044bbcfc80639b3343) Importer(815301076,1909f56bfc062723c751e8b465ee728b)
Start importing Assets/Prefabs/Noize/Wall_04.prefab using Guid(00348b8bbd485f044bbcfc80639b3343) Importer(815301076,1909f56bfc062723c751e8b465ee728b)  -> (artifact id: '06d07d2fe1abd76a7417e0e83e4b8982') in 0.022619 seconds 
========================================================================
Received Import Request.
  Time since last request: 10.951430 seconds.
  path: Assets/Code
  artifactKey: Guid(415620aa88d9e6345b6843be09ad288a) Importer(815301076,1909f56bfc062723c751e8b465ee728b)
Start importing Assets/Code using Guid(415620aa88d9e6345b6843be09ad288a) Importer(815301076,1909f56bfc062723c751e8b465ee728b)  -> (artifact id: '4d02425c65cc25eddaed1f8c34e12bd0') in 0.013949 seconds 
========================================================================
Received Import Request.
  Time since last request: 314.446587 seconds.
  path: Assets/Code/VisibleController.cs
  artifactKey: Guid(fa5b2fca2ec55d54d94b7de6a32d1ac4) Importer(815301076,1909f56bfc062723c751e8b465ee728b)
Start importing Assets/Code/VisibleController.cs using Guid(fa5b2fca2ec55d54d94b7de6a32d1ac4) Importer(815301076,1909f56bfc062723c751e8b465ee728b)  -> (artifact id: 'c66ecef9b1d6c3354b4cd55583399671') in 0.058001 seconds 
========================================================================
Received Prepare
Registering precompiled user dll's ...
Registered in 0.004610 seconds.
Begin MonoManager ReloadAssembly
Native extension for WindowsStandalone target not found
Refreshing native plugins compatible for Editor in 4.09 ms, found 2 plugins.
Preloading 0 native plugins for Editor in 0.00 ms.
Mono: successfully reloaded assembly
- Completed reload, in  8.090 seconds
Platform modules already initialized, skipping
Switching build target platform(19) subTarget(0) extendedPlatform(0) -> platform(13) subTarget(537395200) extendedPlatform(0)
Refreshing native plugins compatible for Editor in 0.54 ms, found 2 plugins.
Preloading 0 native plugins for Editor in 0.00 ms.
Unloading 1499 Unused Serialized files (Serialized files now loaded: 0)
System memory in use before: 74.4 MB.
System memory in use after: 74.5 MB.

Unloading 15 unused Assets to reduce memory usage. Loaded Objects now: 2043.
Total: 15.063700 ms (FindLiveObjects: 1.198800 ms CreateObjectMapping: 0.390100 ms MarkObjects: 13.433300 ms  DeleteObjects: 0.038200 ms)

AssetImportParameters requested are different than current active one (requested -> active):
  custom:graphics/normal-map-encoding: 01000000000000000000000000000000 -> 02000000000000000000000000000000
========================================================================
Received Import Request.
  Time since last request: 219.086075 seconds.
  path: Assets/Code/VisibleController.cs
  artifactKey: Guid(fa5b2fca2ec55d54d94b7de6a32d1ac4) Importer(815301076,1909f56bfc062723c751e8b465ee728b)
Start importing Assets/Code/VisibleController.cs using Guid(fa5b2fca2ec55d54d94b7de6a32d1ac4) Importer(815301076,1909f56bfc062723c751e8b465ee728b)  -> (artifact id: '518a64480252c4c1a3c18fec7ead561b') in 0.034255 seconds 
========================================================================
Received Prepare
Registering precompiled user dll's ...
Registered in 0.005331 seconds.
Begin MonoManager ReloadAssembly
Native extension for WindowsStandalone target not found
Refreshing native plugins compatible for Editor in 0.50 ms, found 2 plugins.
Preloading 0 native plugins for Editor in 0.00 ms.
Mono: successfully reloaded assembly
- Completed reload, in  1.842 seconds
Platform modules already initialized, skipping
Switching build target platform(19) subTarget(0) extendedPlatform(0) -> platform(13) subTarget(537395200) extendedPlatform(0)
Refreshing native plugins compatible for Editor in 0.45 ms, found 2 plugins.
Preloading 0 native plugins for Editor in 0.00 ms.
Unloading 1499 Unused Serialized files (Serialized files now loaded: 0)
System memory in use before: 74.4 MB.
System memory in use after: 74.5 MB.

Unloading 14 unused Assets to reduce memory usage. Loaded Objects now: 2045.
Total: 2.994300 ms (FindLiveObjects: 0.173200 ms CreateObjectMapping: 0.108900 ms MarkObjects: 2.691200 ms  DeleteObjects: 0.019600 ms)

AssetImportParameters requested are different than current active one (requested -> active):
  custom:graphics/normal-map-encoding: 01000000000000000000000000000000 -> 02000000000000000000000000000000
========================================================================
Received Prepare
Registering precompiled user dll's ...
Registered in 0.006958 seconds.
Begin MonoManager ReloadAssembly
Native extension for WindowsStandalone target not found
Refreshing native plugins compatible for Editor in 0.50 ms, found 2 plugins.
Preloading 0 native plugins for Editor in 0.00 ms.
Mono: successfully reloaded assembly
- Completed reload, in  2.120 seconds
Platform modules already initialized, skipping
Switching build target platform(19) subTarget(0) extendedPlatform(0) -> platform(13) subTarget(537395200) extendedPlatform(0)
Refreshing native plugins compatible for Editor in 0.51 ms, found 2 plugins.
Preloading 0 native plugins for Editor in 0.00 ms.
Unloading 1499 Unused Serialized files (Serialized files now loaded: 0)
System memory in use before: 74.4 MB.
System memory in use after: 74.5 MB.

Unloading 14 unused Assets to reduce memory usage. Loaded Objects now: 2047.
Total: 3.833500 ms (FindLiveObjects: 0.222300 ms CreateObjectMapping: 0.139100 ms MarkObjects: 3.446600 ms  DeleteObjects: 0.023400 ms)

AssetImportParameters requested are different than current active one (requested -> active):
  custom:graphics/normal-map-encoding: 01000000000000000000000000000000 -> 02000000000000000000000000000000
========================================================================
Received Import Request.
  Time since last request: 344.739848 seconds.
  path: Assets/Materials/Purple.mat
  artifactKey: Guid(3b8d21980e497d34093815cb57fa35e3) Importer(815301076,1909f56bfc062723c751e8b465ee728b)
Start importing Assets/Materials/Purple.mat using Guid(3b8d21980e497d34093815cb57fa35e3) Importer(815301076,1909f56bfc062723c751e8b465ee728b)  -> (artifact id: 'e3ef777c525bde89221baad1cb6bf996') in 0.088258 seconds 
========================================================================
Received Import Request.
  Time since last request: 0.515730 seconds.
  path: Assets/Prefabs/Collumn.prefab
  artifactKey: Guid(5b1434cb83db9e043a787bb5605dbf68) Importer(815301076,1909f56bfc062723c751e8b465ee728b)
Start importing Assets/Prefabs/Collumn.prefab using Guid(5b1434cb83db9e043a787bb5605dbf68) Importer(815301076,1909f56bfc062723c751e8b465ee728b)  -> (artifact id: 'a1010d2e4f69af7de0774dd1867723e7') in 0.091830 seconds 
========================================================================
Received Import Request.
  Time since last request: 0.000286 seconds.
  path: Assets/Prefabs/Plane2x2.prefab
  artifactKey: Guid(25a14018fc46b904b8f4a5a8d2668091) Importer(815301076,1909f56bfc062723c751e8b465ee728b)
Start importing Assets/Prefabs/Plane2x2.prefab using Guid(25a14018fc46b904b8f4a5a8d2668091) Importer(815301076,1909f56bfc062723c751e8b465ee728b)  -> (artifact id: '5020984067748664a779d90cf1ada67a') in 0.057276 seconds 
========================================================================
Received Import Request.
  Time since last request: 0.000278 seconds.
  path: Assets/Prefabs/WallSimple.prefab
  artifactKey: Guid(235285cdab4031147b01ac40ba18aaa9) Importer(815301076,1909f56bfc062723c751e8b465ee728b)
Start importing Assets/Prefabs/WallSimple.prefab using Guid(235285cdab4031147b01ac40ba18aaa9) Importer(815301076,1909f56bfc062723c751e8b465ee728b)  -> (artifact id: '2952b5db107df16cab6b049d05d18806') in 0.053550 seconds 
========================================================================
Received Import Request.
  Time since last request: 0.000238 seconds.
  path: Assets/Prefabs/WallSimple4Slides.prefab
  artifactKey: Guid(0efb5fb83700a4c4aab0c96c3f21b313) Importer(815301076,1909f56bfc062723c751e8b465ee728b)
Start importing Assets/Prefabs/WallSimple4Slides.prefab using Guid(0efb5fb83700a4c4aab0c96c3f21b313) Importer(815301076,1909f56bfc062723c751e8b465ee728b)  -> (artifact id: '3012ccdecc70b82f3b733bae4b9091d3') in 0.094377 seconds 
========================================================================
Received Import Request.
  Time since last request: 0.000373 seconds.
  path: Assets/Prefabs/ConeFlat.prefab
  artifactKey: Guid(0b148235901333f44ab9cfbc2c5d2646) Importer(815301076,1909f56bfc062723c751e8b465ee728b)
Start importing Assets/Prefabs/ConeFlat.prefab using Guid(0b148235901333f44ab9cfbc2c5d2646) Importer(815301076,1909f56bfc062723c751e8b465ee728b)  -> (artifact id: 'bf55375db2ade278474c905048835d60') in 0.178430 seconds 
========================================================================
Received Import Request.
  Time since last request: 0.390477 seconds.
  path: Assets/Prefabs/Noize/Column_01.prefab
  artifactKey: Guid(59fe47bdb07ba864b944f49d7127fc72) Importer(815301076,1909f56bfc062723c751e8b465ee728b)
Start importing Assets/Prefabs/Noize/Column_01.prefab using Guid(59fe47bdb07ba864b944f49d7127fc72) Importer(815301076,1909f56bfc062723c751e8b465ee728b)  -> (artifact id: '560b2d55089f7b77df1b8046fb9ec537') in 0.018165 seconds 
========================================================================
Received Import Request.
  Time since last request: 0.000252 seconds.
  path: Assets/Prefabs/Noize/Wall_01.prefab
  artifactKey: Guid(37a24c8e5af69504186a804c9c2a4fd6) Importer(815301076,1909f56bfc062723c751e8b465ee728b)
Start importing Assets/Prefabs/Noize/Wall_01.prefab using Guid(37a24c8e5af69504186a804c9c2a4fd6) Importer(815301076,1909f56bfc062723c751e8b465ee728b)  -> (artifact id: '22b11942bbaef969018e95774a80a1af') in 0.028216 seconds 
========================================================================
Received Import Request.
  Time since last request: 0.006368 seconds.
  path: Assets/Prefabs/Noize/Wall.prefab
  artifactKey: Guid(cf9b310adc4c45943acb1773ec990cf9) Importer(815301076,1909f56bfc062723c751e8b465ee728b)
Start importing Assets/Prefabs/Noize/Wall.prefab using Guid(cf9b310adc4c45943acb1773ec990cf9) Importer(815301076,1909f56bfc062723c751e8b465ee728b)  -> (artifact id: 'aa7883684bd886f17b5246b6a9102f5e') in 0.088327 seconds 
========================================================================
Received Import Request.
  Time since last request: 0.000213 seconds.
  path: Assets/Prefabs/Noize/Column_02.prefab
  artifactKey: Guid(29b5052ee4816f144865ea20f89eb4ec) Importer(815301076,1909f56bfc062723c751e8b465ee728b)
Start importing Assets/Prefabs/Noize/Column_02.prefab using Guid(29b5052ee4816f144865ea20f89eb4ec) Importer(815301076,1909f56bfc062723c751e8b465ee728b)  -> (artifact id: '34a1fdc57d447bdf40fa07a90b73bd78') in 0.106242 seconds 
========================================================================
Received Import Request.
  Time since last request: 0.045952 seconds.
  path: Assets/Prefabs/Noize/Wall_03.prefab
  artifactKey: Guid(d2503d018808afc4fb403d3f636aaca5) Importer(815301076,1909f56bfc062723c751e8b465ee728b)
Start importing Assets/Prefabs/Noize/Wall_03.prefab using Guid(d2503d018808afc4fb403d3f636aaca5) Importer(815301076,1909f56bfc062723c751e8b465ee728b)  -> (artifact id: '09f714435c576d1ccadd2d48964c7a93') in 0.036422 seconds 
========================================================================
Received Import Request.
  Time since last request: 0.000262 seconds.
  path: Assets/Prefabs/Noize/Wall_02.prefab
  artifactKey: Guid(2f1ccae2494e3e34282d6ceae19a87b7) Importer(815301076,1909f56bfc062723c751e8b465ee728b)
Start importing Assets/Prefabs/Noize/Wall_02.prefab using Guid(2f1ccae2494e3e34282d6ceae19a87b7) Importer(815301076,1909f56bfc062723c751e8b465ee728b)  -> (artifact id: 'abc17218659c97a2bec0f948472c7916') in 0.066708 seconds 
========================================================================
Received Import Request.
  Time since last request: 0.000321 seconds.
  path: Assets/Prefabs/Noize/Wall_04.prefab
  artifactKey: Guid(00348b8bbd485f044bbcfc80639b3343) Importer(815301076,1909f56bfc062723c751e8b465ee728b)
Start importing Assets/Prefabs/Noize/Wall_04.prefab using Guid(00348b8bbd485f044bbcfc80639b3343) Importer(815301076,1909f56bfc062723c751e8b465ee728b)  -> (artifact id: 'a8c5525738bca937059af68c1e35ca61') in 0.026199 seconds 
AssetImportWorkerClient::OnTransportError - code=2 error=End of file
